<?xml version="1.0" encoding="UTF-8"?>
<testsuite name="com.test.RandomTests" tests="1" skipped="0" failures="0" errors="0" timestamp="2022-10-07T21:09:35" hostname="Apples-MacBook-Pro.local" time="0.004">
  <properties/>
  <testcase name="testStuff" classname="com.test.RandomTests" time="0.004"/>
  <system-out><![CDATA[false
48
]]></system-out>
  <system-err><![CDATA[]]></system-err>
</testsuite>
